<?xml version="1.0" encoding="UTF-8"?>
<testsuite name="ATB6xRestAssuredLearning"
           tests="3"
           failures="0"
           errors="0"
           skipped="0"
           time="0.313">
    <properties></properties>



            <testcase
                name="testAuthToken"
                time="0.010"
                classname="com.thetestingaccademy.ex_ra01.Lab279">
            </testcase>
            <testcase
                name="testAuthToken"
                time="0.294"
                classname="com.thetestingaccademy.ex_ra01.Lab279">
            </testcase>
            <testcase
                name="testAuthToken"
                time="0.009"
                classname="com.thetestingaccademy.ex_ra01.Lab279">
            </testcase>
</testsuite>
