<?xml version="1.0" encoding="UTF-8"?>
<testsuite name="ATB6xRestAssuredLearning"
           tests="3"
           failures="0"
           errors="0"
           skipped="0"
           time="0.004">
    <properties></properties>



            <testcase
                name="setRequest2"
                time="0.001"
                classname="com.thetestingaccademy.testng.Lab263">
            </testcase>
            <testcase
                name="setRequest1"
                time="0.002"
                classname="com.thetestingaccademy.testng.Lab263">
            </testcase>
            <testcase
                name="setRequest3"
                time="0.001"
                classname="com.thetestingaccademy.testng.Lab263">
            </testcase>
</testsuite>
