<?xml version="1.0" encoding="UTF-8"?>
<testsuite name="ATB6xRestAssuredLearning"
           tests="3"
           failures="0"
           errors="0"
           skipped="0"
           time="0.285">
    <properties></properties>



            <testcase
                name="testParameters"
                time="0.008"
                classname="com.thetestingaccademy.testing.Lab281">
            </testcase>
            <testcase
                name="testParameters"
                time="0.264"
                classname="com.thetestingaccademy.testing.Lab281">
            </testcase>
            <testcase
                name="testParameters"
                time="0.013"
                classname="com.thetestingaccademy.testing.Lab281">
            </testcase>
</testsuite>
