<?xml version="1.0" encoding="UTF-8"?>
<testsuite name="ATB6xRestAssuredLearning"
           tests="2"
           failures="0"
           errors="0"
           skipped="0"
           time="10.781">
    <properties></properties>



            <testcase
                name="getRequest"
                time="9.470"
                classname="com.thetestingaccademy.testng.Lab262">
            </testcase>
            <testcase
                name="getRequestPing"
                time="1.311"
                classname="com.thetestingaccademy.testng.Lab262">
            </testcase>
</testsuite>
