<?xml version="1.0" encoding="UTF-8"?>
<testsuite name="ATB6xRestAssuredLearning"
           tests="3"
           failures="0"
           errors="0"
           skipped="0"
           time="0.360">
    <properties></properties>



            <testcase
                name="fullUpdate"
                time="0.016"
                classname="com.thetestingaccademy.testng.Lab274">
            </testcase>
            <testcase
                name="getToken"
                time="0.328"
                classname="com.thetestingaccademy.testng.Lab274">
            </testcase>
            <testcase
                name="getBookingID"
                time="0.016"
                classname="com.thetestingaccademy.testng.Lab274">
            </testcase>
</testsuite>
