<?xml version="1.0" encoding="UTF-8"?>
<testsuite name="C:/Users/RATUL/IdeaProjects/ATB6xRestAssuredLearning"
           tests="2"
           failures="0"
           errors="0"
           skipped="0"
           time="11.675">
    <properties></properties>



            <testcase
                name="getRequestPing"
                time="1.301"
                classname="com.thetestingaccademy.testng.Lab262">
            </testcase>
            <testcase
                name="getRequest"
                time="10.374"
                classname="com.thetestingaccademy.testng.Lab262">
            </testcase>
</testsuite>
