<?xml version="1.0" encoding="UTF-8"?>
<testsuite name="ATB6xRestAssuredLearning"
           tests="3"
           failures="0"
           errors="0"
           skipped="0"
           time="14.146">
    <properties></properties>



            <testcase
                name="getBookingIdsBDDStyle"
                time="9.728"
                classname="com.thetestingaccademy.testng.Lab267">
            </testcase>
            <testcase
                name="postCreateTokenBDDStyle"
                time="1.947"
                classname="com.thetestingaccademy.testng.Lab267">
            </testcase>
            <testcase
                name="postCreateBookingBDDStyle"
                time="2.471"
                classname="com.thetestingaccademy.testng.Lab267">
            </testcase>
</testsuite>
